2023-03-03 20:51:34,570 [Worker-6: Loading available Gradle versions] INFO  o.e.b.c.i.u.g.PublishedGradleVersions - Gradle version information cache is up-to-date. Trying to read.
2023-03-03 20:52:04,266 [Worker-10: Building] INFO  o.e.m.c.i.l.LifecycleMappingFactory - Using org.eclipse.m2e.jdt.JarLifecycleMapping lifecycle mapping for MavenProject: com.mc:mvc:0.0.1-SNAPSHOT @ C:\Users\ASUS\Desktop\Final_project\e_security\pom.xml.
2023-03-03 20:52:12,826 [Worker-10: Building] INFO  o.e.m.c.i.embedder.EclipseLogger - Using 'UTF-8' encoding to copy filtered resources.
2023-03-03 20:52:12,827 [Worker-10: Building] INFO  o.e.m.c.i.embedder.EclipseLogger - Using 'UTF-8' encoding to copy filtered properties files.
2023-03-03 20:52:12,829 [Worker-10: Building] INFO  o.e.m.c.i.embedder.EclipseLogger - Copying 1 resource
2023-03-03 20:52:12,860 [Worker-10: Building] INFO  o.e.m.c.i.embedder.EclipseLogger - Copying 48 resources
2023-03-03 20:52:13,308 [Worker-10: Building] INFO  o.e.m.c.i.embedder.EclipseLogger - Using 'UTF-8' encoding to copy filtered resources.
2023-03-03 20:52:13,308 [Worker-10: Building] INFO  o.e.m.c.i.embedder.EclipseLogger - Using 'UTF-8' encoding to copy filtered properties files.
2023-03-03 20:52:13,308 [Worker-10: Building] INFO  o.e.m.c.i.embedder.EclipseLogger - skip non existing resourceDirectory C:\Users\ASUS\Desktop\Final_project\e_security\src\test\resources
2023-03-03 20:52:14,705 [Worker-10: Building] INFO  o.e.m.c.i.l.LifecycleMappingFactory - Using org.eclipse.m2e.jdt.JarLifecycleMapping lifecycle mapping for MavenProject: com.ts:petManager:0.0.1-SNAPSHOT @ C:\Users\ASUS\Desktop\Final_project\petManager\pom.xml.
2023-03-03 20:52:15,757 [Worker-10: Building] INFO  o.e.m.c.i.embedder.EclipseLogger - Using 'UTF-8' encoding to copy filtered resources.
2023-03-03 20:52:15,757 [Worker-10: Building] INFO  o.e.m.c.i.embedder.EclipseLogger - Using 'UTF-8' encoding to copy filtered properties files.
2023-03-03 20:52:15,759 [Worker-10: Building] INFO  o.e.m.c.i.embedder.EclipseLogger - Copying 1 resource
2023-03-03 20:52:15,780 [Worker-10: Building] INFO  o.e.m.c.i.embedder.EclipseLogger - Copying 214 resources
2023-03-03 20:52:17,773 [Worker-10: Building] INFO  o.e.m.c.i.embedder.EclipseLogger - Using 'UTF-8' encoding to copy filtered resources.
2023-03-03 20:52:17,773 [Worker-10: Building] INFO  o.e.m.c.i.embedder.EclipseLogger - Using 'UTF-8' encoding to copy filtered properties files.
2023-03-03 20:52:17,773 [Worker-10: Building] INFO  o.e.m.c.i.embedder.EclipseLogger - skip non existing resourceDirectory C:\Users\ASUS\Desktop\Final_project\petManager\src\test\resources
2023-03-03 20:52:19,693 [Worker-7: Building] INFO  o.e.m.c.i.embedder.EclipseLogger - Using 'UTF-8' encoding to copy filtered resources.
2023-03-03 20:52:19,694 [Worker-7: Building] INFO  o.e.m.c.i.embedder.EclipseLogger - Using 'UTF-8' encoding to copy filtered properties files.
2023-03-03 20:52:19,702 [Worker-7: Building] INFO  o.e.m.c.i.embedder.EclipseLogger - Copying 1 resource
2023-03-03 20:52:19,712 [Worker-7: Building] INFO  o.e.m.c.i.embedder.EclipseLogger - Copying 48 resources
2023-03-03 20:52:19,886 [Worker-7: Building] INFO  o.e.m.c.i.embedder.EclipseLogger - Using 'UTF-8' encoding to copy filtered resources.
2023-03-03 20:52:19,887 [Worker-7: Building] INFO  o.e.m.c.i.embedder.EclipseLogger - Using 'UTF-8' encoding to copy filtered properties files.
2023-03-03 20:52:19,887 [Worker-7: Building] INFO  o.e.m.c.i.embedder.EclipseLogger - skip non existing resourceDirectory C:\Users\ASUS\Desktop\Final_project\e_security\src\test\resources
2023-03-03 20:52:20,291 [Worker-7: Building] INFO  o.e.m.c.i.embedder.EclipseLogger - Using 'UTF-8' encoding to copy filtered resources.
2023-03-03 20:52:20,291 [Worker-7: Building] INFO  o.e.m.c.i.embedder.EclipseLogger - Using 'UTF-8' encoding to copy filtered properties files.
2023-03-03 20:52:20,322 [Worker-7: Building] INFO  o.e.m.c.i.embedder.EclipseLogger - Copying 1 resource
2023-03-03 20:52:20,357 [Worker-7: Building] INFO  o.e.m.c.i.embedder.EclipseLogger - Copying 214 resources
2023-03-03 20:52:20,996 [Worker-7: Building] INFO  o.e.m.c.i.embedder.EclipseLogger - Using 'UTF-8' encoding to copy filtered resources.
2023-03-03 20:52:20,997 [Worker-7: Building] INFO  o.e.m.c.i.embedder.EclipseLogger - Using 'UTF-8' encoding to copy filtered properties files.
2023-03-03 20:52:20,997 [Worker-7: Building] INFO  o.e.m.c.i.embedder.EclipseLogger - skip non existing resourceDirectory C:\Users\ASUS\Desktop\Final_project\petManager\src\test\resources
2023-03-04 02:35:10,531 [Worker-2: Loading available Gradle versions] INFO  o.e.b.c.i.u.g.PublishedGradleVersions - Gradle version information cache is up-to-date. Trying to read.
2023-03-04 02:35:35,816 [Worker-0: Building] INFO  o.e.m.c.i.embedder.EclipseLogger - Using 'UTF-8' encoding to copy filtered resources.
2023-03-04 02:35:35,818 [Worker-0: Building] INFO  o.e.m.c.i.embedder.EclipseLogger - Using 'UTF-8' encoding to copy filtered properties files.
2023-03-04 02:35:35,834 [Worker-0: Building] INFO  o.e.m.c.i.embedder.EclipseLogger - Copying 1 resource
2023-03-04 02:35:35,870 [Worker-0: Building] INFO  o.e.m.c.i.embedder.EclipseLogger - Copying 215 resources
2023-03-04 02:35:36,028 [Worker-0: Building] INFO  o.e.m.c.i.embedder.EclipseLogger - Using 'UTF-8' encoding to copy filtered resources.
2023-03-04 02:35:36,029 [Worker-0: Building] INFO  o.e.m.c.i.embedder.EclipseLogger - Using 'UTF-8' encoding to copy filtered properties files.
2023-03-04 02:35:36,029 [Worker-0: Building] INFO  o.e.m.c.i.embedder.EclipseLogger - skip non existing resourceDirectory C:\Users\ASUS\Desktop\Final_project\petManager\src\test\resources
2023-03-04 02:35:57,997 [Worker-9: Building] INFO  o.e.m.c.i.embedder.EclipseLogger - Using 'UTF-8' encoding to copy filtered resources.
2023-03-04 02:35:57,997 [Worker-9: Building] INFO  o.e.m.c.i.embedder.EclipseLogger - Using 'UTF-8' encoding to copy filtered properties files.
2023-03-04 02:35:58,003 [Worker-9: Building] INFO  o.e.m.c.i.embedder.EclipseLogger - Copying 0 resource
2023-03-04 02:35:58,004 [Worker-9: Building] INFO  o.e.m.c.i.embedder.EclipseLogger - Copying 0 resource
2023-03-04 02:35:58,012 [Worker-9: Building] INFO  o.e.m.c.i.embedder.EclipseLogger - Using 'UTF-8' encoding to copy filtered resources.
2023-03-04 02:35:58,013 [Worker-9: Building] INFO  o.e.m.c.i.embedder.EclipseLogger - Using 'UTF-8' encoding to copy filtered properties files.
2023-03-04 02:35:58,013 [Worker-9: Building] INFO  o.e.m.c.i.embedder.EclipseLogger - skip non existing resourceDirectory C:\Users\ASUS\Desktop\Final_project\petManager\src\test\resources
2023-03-04 02:35:59,046 [Worker-4: Building] INFO  o.e.m.c.i.embedder.EclipseLogger - Using 'UTF-8' encoding to copy filtered resources.
2023-03-04 02:35:59,047 [Worker-4: Building] INFO  o.e.m.c.i.embedder.EclipseLogger - Using 'UTF-8' encoding to copy filtered properties files.
2023-03-04 02:35:59,047 [Worker-4: Building] INFO  o.e.m.c.i.embedder.EclipseLogger - Copying 0 resource
2023-03-04 02:35:59,048 [Worker-4: Building] INFO  o.e.m.c.i.embedder.EclipseLogger - Copying 1 resource
2023-03-04 02:35:59,057 [Worker-4: Building] INFO  o.e.m.c.i.embedder.EclipseLogger - Using 'UTF-8' encoding to copy filtered resources.
2023-03-04 02:35:59,057 [Worker-4: Building] INFO  o.e.m.c.i.embedder.EclipseLogger - Using 'UTF-8' encoding to copy filtered properties files.
2023-03-04 02:35:59,057 [Worker-4: Building] INFO  o.e.m.c.i.embedder.EclipseLogger - skip non existing resourceDirectory C:\Users\ASUS\Desktop\Final_project\petManager\src\test\resources
2023-03-04 02:36:10,518 [Worker-3: Building] INFO  o.e.m.c.i.embedder.EclipseLogger - Using 'UTF-8' encoding to copy filtered resources.
2023-03-04 02:36:10,518 [Worker-3: Building] INFO  o.e.m.c.i.embedder.EclipseLogger - Using 'UTF-8' encoding to copy filtered properties files.
2023-03-04 02:36:10,545 [Worker-3: Building] INFO  o.e.m.c.i.embedder.EclipseLogger - Copying 1 resource
2023-03-04 02:36:10,590 [Worker-3: Building] INFO  o.e.m.c.i.embedder.EclipseLogger - Copying 215 resources
2023-03-04 02:36:10,688 [Worker-3: Building] INFO  o.e.m.c.i.embedder.EclipseLogger - Using 'UTF-8' encoding to copy filtered resources.
2023-03-04 02:36:10,688 [Worker-3: Building] INFO  o.e.m.c.i.embedder.EclipseLogger - Using 'UTF-8' encoding to copy filtered properties files.
2023-03-04 02:36:10,688 [Worker-3: Building] INFO  o.e.m.c.i.embedder.EclipseLogger - skip non existing resourceDirectory C:\Users\ASUS\Desktop\Final_project\petManager\src\test\resources
